22:47:20:871 INFO (Main.Main$1): Log start mit Level.ALL .
22:47:20:914 DEBUG(Main.Main$1): Starte Ladescreen.
22:47:22:015 DEBUG(File.XLS.XLSOverviewForge): Lese OverviewTemplate.
22:47:22:020 DEBUG(File.XLS.XLSRaidForge): Lese RaidTemplate.
22:47:22:023 DEBUG(File.XLS.XLSBookForge): Durchsuche Data Dir.
22:47:22:025 INFO (File.XLS.XLSBookForge): 
Data List:  ----------------------
	data_2014_015_22_31_56.xls

22:47:22:027 INFO (File.XLS.XLSBookForge): Teste Datei:data_2014_015_22_31_56.xls
22:47:22:028 INFO (File.XLS.XLSBookForge): Lese Book aus "data_2014_015_22_31_56.xls" .
22:47:22:427 DEBUG(File.XLS.XLSOverviewForge): Lese Overview.
22:47:22:428 DEBUG(File.XLS.XLSOverviewForge): Lese Spieler Revayn
22:47:22:429 DEBUG(File.XLS.XLSOverviewForge): Lese Spieler 3_2014_195827_895
22:47:22:430 DEBUG(File.XLS.XLSOverviewForge): Lese Spieler Phexo
22:47:22:431 DEBUG(File.XLS.XLSOverviewForge): Lese Spieler Eisenbeisser
22:47:22:432 DEBUG(File.XLS.XLSOverviewForge): Lese Spieler 338_2013_223835_769
22:47:22:433 DEBUG(File.XLS.XLSOverviewForge): Lese Spieler Deytrana
22:47:22:435 DEBUG(File.XLS.XLSOverviewForge): Lese Spieler Andor
22:47:22:437 DEBUG(File.XLS.XLSOverviewForge): Lese Spieler Yasie
22:47:22:438 DEBUG(File.XLS.XLSOverviewForge): Lese Spieler Quara
22:47:22:439 DEBUG(File.XLS.XLSOverviewForge): Lese Spieler Celiska
22:47:22:440 DEBUG(File.XLS.XLSOverviewForge): Lese Spieler Felinchen
22:47:22:441 DEBUG(File.XLS.XLSOverviewForge): Lese Spieler Alisea
22:47:22:442 DEBUG(File.XLS.XLSOverviewForge): Lese Spieler Airra
22:47:22:443 DEBUG(File.XLS.XLSOverviewForge): Lese Spieler 15_2014_212854_40
22:47:22:444 DEBUG(File.XLS.XLSOverviewForge): Lese Spieler 226_2013_10373_656
22:47:22:445 DEBUG(File.XLS.XLSOverviewForge): Lese Spieler 361_2013_20161_809
22:47:22:446 DEBUG(File.XLS.XLSOverviewForge): Lese Spieler Thamia
22:47:22:447 DEBUG(File.XLS.XLSOverviewForge): Lese Spieler Dave
22:47:22:447 DEBUG(File.XLS.XLSOverviewForge): Lese Spieler 260_2013_153420_61
22:47:22:448 DEBUG(File.XLS.XLSOverviewForge): Lese Spieler 361_2013_201429_457
22:47:22:449 DEBUG(File.XLS.XLSOverviewForge): Lese Spieler Mechanikus
22:47:22:450 DEBUG(File.XLS.XLSOverviewForge): Lese Spieler 317_2013_20335_418
22:47:22:451 DEBUG(File.XLS.XLSOverviewForge): Lese Spieler Thakrio
22:47:22:452 DEBUG(File.XLS.XLSOverviewForge): Lese Spieler Garak
22:47:22:453 DEBUG(File.XLS.XLSOverviewForge): Lese Spieler Darkey
22:47:22:454 DEBUG(File.XLS.XLSOverviewForge): Lese Spieler Luumen
22:47:22:455 DEBUG(File.XLS.XLSOverviewForge): Lese Spieler Icmahel
22:47:22:456 DEBUG(File.XLS.XLSOverviewForge): Lese Spieler 226_2013_103749_32
22:47:22:457 DEBUG(File.XLS.XLSOverviewForge): Lese Spieler 319_2013_20053_559
22:47:22:458 DEBUG(File.XLS.XLSOverviewForge): Lese Spieler 303_2013_225852_36
22:47:22:459 DEBUG(File.XLS.XLSOverviewForge): Lese Spieler Norona
22:47:22:460 DEBUG(File.XLS.XLSOverviewForge): Lese Spieler Daaeva
22:47:22:461 DEBUG(File.XLS.XLSOverviewForge): Lese Spieler 361_2013_201528_897
22:47:22:462 DEBUG(File.XLS.XLSOverviewForge): Lese Spieler 3_2014_7562_899
22:47:22:463 DEBUG(File.XLS.XLSOverviewForge): Lese Spieler Christanne
22:47:22:464 DEBUG(File.XLS.XLSOverviewForge): Lese Spieler 247_2013_202354_689
22:47:22:464 DEBUG(File.XLS.XLSOverviewForge): Lese Spieler 361_2013_201449_865
22:47:22:465 DEBUG(File.XLS.XLSOverviewForge): Lese Spieler 319_2013_20022_703
22:47:22:466 DEBUG(File.XLS.XLSOverviewForge): Lese Spieler Liuleen
22:47:22:467 DEBUG(File.XLS.XLSOverviewForge): Lese Spieler Bendir
22:47:22:468 DEBUG(File.XLS.XLSOverviewForge): Lese Spieler Salfa
22:47:22:469 DEBUG(File.XLS.XLSOverviewForge): Lese Spieler 228_2013_20332_853
22:47:22:470 DEBUG(File.XLS.XLSOverviewForge): Lese Spieler 3_2014_19580_448
22:47:22:470 DEBUG(File.XLS.XLSOverviewForge): Lese Spieler 296_2013_213915_349
22:47:22:471 DEBUG(File.XLS.XLSOverviewForge): Lese Spieler 317_2013_20122_442
22:47:22:472 DEBUG(File.XLS.XLSOverviewForge): Lese Spieler Orelly
22:47:22:473 DEBUG(File.XLS.XLSOverviewForge): Lese Spieler Dinchen
22:47:22:474 DEBUG(File.XLS.XLSOverviewForge): Lese Spieler Aylea
22:47:22:475 DEBUG(File.XLS.XLSOverviewForge): Lese Spieler Savin
22:47:22:476 DEBUG(File.XLS.XLSOverviewForge): Lese Spieler Vitera
22:47:22:477 DEBUG(File.XLS.XLSOverviewForge): Lese Spieler Merida
22:47:22:478 DEBUG(File.XLS.XLSOverviewForge): Lese Spieler 15_2014_181931_413
22:47:22:478 DEBUG(File.XLS.XLSOverviewForge): Lese Spieler Damar
22:47:22:479 DEBUG(File.XLS.XLSOverviewForge): Lese Spieler Fairbrook
22:47:22:480 DEBUG(File.XLS.XLSOverviewForge): Lese Spieler 7_2014_233417_392
22:47:22:481 DEBUG(File.XLS.XLSOverviewForge): Lese Spieler 303_2013_225742_411
22:47:22:482 DEBUG(File.XLS.XLSOverviewForge): Lese Spieler Toroven
22:47:22:483 DEBUG(File.XLS.XLSOverviewForge): Lese Spieler Toranes
22:47:22:483 DEBUG(File.XLS.XLSOverviewForge): Lese Spieler Ginera
22:47:22:484 DEBUG(File.XLS.XLSBookForge): Lese Sheet(0| Overview)
22:47:22:485 INFO (File.XLS.XLSRaidForge): Lese Raid:Overview
22:47:22:486 DEBUG(File.XLS.XLSBookForge): Lese Sheet(1| 15.01.14)
22:47:22:487 INFO (File.XLS.XLSRaidForge): Lese Raid:15.01.14
22:47:22:495 DEBUG(File.XLS.XLSBookForge): Lese Sheet(2| 10.01.14)
22:47:22:496 INFO (File.XLS.XLSRaidForge): Lese Raid:10.01.14
22:47:22:498 DEBUG(File.XLS.XLSBookForge): Lese Sheet(3| 08.01.14)
22:47:22:498 INFO (File.XLS.XLSRaidForge): Lese Raid:08.01.14
22:47:22:500 DEBUG(File.XLS.XLSBookForge): Lese Sheet(4| 03.01.14)
22:47:22:501 INFO (File.XLS.XLSRaidForge): Lese Raid:03.01.14
22:47:22:503 DEBUG(File.XLS.XLSBookForge): Lese Sheet(5| 01.01.14)
22:47:22:504 INFO (File.XLS.XLSRaidForge): Lese Raid:01.01.14
22:47:22:506 DEBUG(File.XLS.XLSBookForge): Lese Sheet(6| 27.12.13)
22:47:22:507 INFO (File.XLS.XLSRaidForge): Lese Raid:27.12.13
22:47:22:509 DEBUG(File.XLS.XLSBookForge): Lese Sheet(7| 23.12.13)
22:47:22:510 INFO (File.XLS.XLSRaidForge): Lese Raid:23.12.13
22:47:22:512 DEBUG(File.XLS.XLSBookForge): Lese Sheet(8| 20.12.13)
22:47:22:512 INFO (File.XLS.XLSRaidForge): Lese Raid:20.12.13
22:47:22:514 DEBUG(File.XLS.XLSBookForge): Lese Sheet(9| 18.12.13)
22:47:22:515 INFO (File.XLS.XLSRaidForge): Lese Raid:18.12.13
22:47:22:516 DEBUG(File.XLS.XLSBookForge): Lese Sheet(10| 13.12.13)
22:47:22:517 INFO (File.XLS.XLSRaidForge): Lese Raid:13.12.13
22:47:22:519 DEBUG(File.XLS.XLSBookForge): Lese Sheet(11| 11.12.13)
22:47:22:520 INFO (File.XLS.XLSRaidForge): Lese Raid:11.12.13
22:47:22:521 DEBUG(File.XLS.XLSBookForge): Lese Sheet(12| 06.12.13)
22:47:22:522 INFO (File.XLS.XLSRaidForge): Lese Raid:06.12.13
22:47:22:524 DEBUG(File.XLS.XLSBookForge): Lese Sheet(13| 04.12.13)
22:47:22:525 INFO (File.XLS.XLSRaidForge): Lese Raid:04.12.13
22:47:22:526 DEBUG(File.XLS.XLSBookForge): Lese Sheet(14| 01.12.13)
22:47:22:527 INFO (File.XLS.XLSRaidForge): Lese Raid:01.12.13
22:47:22:529 DEBUG(File.XLS.XLSBookForge): Lese Sheet(15| 29.11.13)
22:47:22:530 INFO (File.XLS.XLSRaidForge): Lese Raid:29.11.13
22:47:22:532 DEBUG(File.XLS.XLSBookForge): Lese Sheet(16| 27.11.13)
22:47:22:533 INFO (File.XLS.XLSRaidForge): Lese Raid:27.11.13
22:47:22:535 DEBUG(File.XLS.XLSBookForge): Lese Sheet(17| 22.11.13)
22:47:22:536 INFO (File.XLS.XLSRaidForge): Lese Raid:22.11.13
22:47:22:538 DEBUG(File.XLS.XLSBookForge): Lese Sheet(18| 20.11.13)
22:47:22:539 INFO (File.XLS.XLSRaidForge): Lese Raid:20.11.13
22:47:22:541 DEBUG(File.XLS.XLSBookForge): Lese Sheet(19| 15.11.13)
22:47:22:542 INFO (File.XLS.XLSRaidForge): Lese Raid:15.11.13
22:47:22:544 DEBUG(File.XLS.XLSBookForge): Lese Sheet(20| 13.11.13)
22:47:22:544 INFO (File.XLS.XLSRaidForge): Lese Raid:13.11.13
22:47:22:547 DEBUG(File.XLS.XLSBookForge): Lese Sheet(21| 08.11.13)
22:47:22:548 INFO (File.XLS.XLSRaidForge): Lese Raid:08.11.13
22:47:22:550 DEBUG(File.XLS.XLSBookForge): Lese Sheet(22| 06.11.13)
22:47:22:551 INFO (File.XLS.XLSRaidForge): Lese Raid:06.11.13
22:47:22:553 DEBUG(File.XLS.XLSBookForge): Lese Sheet(23| 30.10.13)
22:47:22:554 INFO (File.XLS.XLSRaidForge): Lese Raid:30.10.13
22:47:22:556 DEBUG(File.XLS.XLSBookForge): Lese Sheet(24| 25.10.13)
22:47:22:557 INFO (File.XLS.XLSRaidForge): Lese Raid:25.10.13
22:47:22:559 DEBUG(File.XLS.XLSBookForge): Lese Sheet(25| 23.10.13)
22:47:22:560 INFO (File.XLS.XLSRaidForge): Lese Raid:23.10.13
22:47:22:562 DEBUG(File.XLS.XLSBookForge): Lese Sheet(26| 16.10.13)
22:47:22:563 INFO (File.XLS.XLSRaidForge): Lese Raid:16.10.13
22:47:22:566 DEBUG(File.XLS.XLSBookForge): Lese Sheet(27| 11.10.13)
22:47:22:567 INFO (File.XLS.XLSRaidForge): Lese Raid:11.10.13
22:47:22:569 DEBUG(File.XLS.XLSBookForge): Lese Sheet(28| 09.10.13)
22:47:22:569 INFO (File.XLS.XLSRaidForge): Lese Raid:09.10.13
22:47:22:571 DEBUG(File.XLS.XLSBookForge): Lese Sheet(29| 04.10.13)
22:47:22:572 INFO (File.XLS.XLSRaidForge): Lese Raid:04.10.13
22:47:22:573 DEBUG(File.XLS.XLSBookForge): Lese Sheet(30| 02.10.13)
22:47:22:574 INFO (File.XLS.XLSRaidForge): Lese Raid:02.10.13
22:47:22:576 DEBUG(File.XLS.XLSBookForge): Lese Sheet(31| 27.09.13)
22:47:22:577 INFO (File.XLS.XLSRaidForge): Lese Raid:27.09.13
22:47:22:578 DEBUG(File.XLS.XLSBookForge): Lese Sheet(32| 25.09.13)
22:47:22:579 INFO (File.XLS.XLSRaidForge): Lese Raid:25.09.13
22:47:22:580 DEBUG(File.XLS.XLSBookForge): Lese Sheet(33| 21.09.13)
22:47:22:581 INFO (File.XLS.XLSRaidForge): Lese Raid:21.09.13
22:47:22:583 DEBUG(File.XLS.XLSBookForge): Lese Sheet(34| 18.09.13)
22:47:22:583 INFO (File.XLS.XLSRaidForge): Lese Raid:18.09.13
22:47:22:585 DEBUG(File.XLS.XLSBookForge): Lese Sheet(35| 13.09.13)
22:47:22:586 INFO (File.XLS.XLSRaidForge): Lese Raid:13.09.13
22:47:22:588 DEBUG(File.XLS.XLSBookForge): Lese Sheet(36| 11.09.13)
22:47:22:588 INFO (File.XLS.XLSRaidForge): Lese Raid:11.09.13
22:47:22:590 DEBUG(File.XLS.XLSBookForge): Lese Sheet(37| 06.09.13)
22:47:22:591 INFO (File.XLS.XLSRaidForge): Lese Raid:06.09.13
22:47:22:592 DEBUG(File.XLS.XLSBookForge): Lese Sheet(38| 04.09.13)
22:47:22:593 INFO (File.XLS.XLSRaidForge): Lese Raid:04.09.13
22:47:22:596 DEBUG(File.XLS.XLSBookForge): Lese Sheet(39| 30.08.13)
22:47:22:596 INFO (File.XLS.XLSRaidForge): Lese Raid:30.08.13
22:47:22:598 DEBUG(File.XLS.XLSBookForge): Lese Sheet(40| 28.08.13)
22:47:22:599 INFO (File.XLS.XLSRaidForge): Lese Raid:28.08.13
22:47:22:601 DEBUG(File.XLS.XLSBookForge): Lese Sheet(41| 23.08.13)
22:47:22:602 INFO (File.XLS.XLSRaidForge): Lese Raid:23.08.13
22:47:22:603 DEBUG(File.XLS.XLSBookForge): Lese Sheet(42| 21.08.13)
22:47:22:604 INFO (File.XLS.XLSRaidForge): Lese Raid:21.08.13
22:47:22:605 DEBUG(File.XLS.XLSBookForge): Lese Sheet(43| 16.08.13)
22:47:22:606 INFO (File.XLS.XLSRaidForge): Lese Raid:16.08.13
22:47:22:608 DEBUG(File.XLS.XLSBookForge): Lese Sheet(44| 14.08.13)
22:47:22:608 INFO (File.XLS.XLSRaidForge): Lese Raid:14.08.13
22:47:22:610 DEBUG(File.XLS.XLSBookForge): Lese Sheet(45| 09.08.13)
22:47:22:611 INFO (File.XLS.XLSRaidForge): Lese Raid:09.08.13
22:47:22:612 DEBUG(File.XLS.XLSBookForge): Lese Sheet(46| 07.08.13)
22:47:22:613 INFO (File.XLS.XLSRaidForge): Lese Raid:07.08.13
22:47:22:614 DEBUG(File.XLS.XLSBookForge): Lese Sheet(47| 02.08.13)
22:47:22:615 INFO (File.XLS.XLSRaidForge): Lese Raid:02.08.13
22:47:22:616 DEBUG(File.XLS.XLSBookForge): Lese Sheet(48| 31.07.13)
22:47:22:617 INFO (File.XLS.XLSRaidForge): Lese Raid:31.07.13
22:47:22:618 DEBUG(File.XLS.XLSBookForge): Lese Sheet(49| 26.07.13)
22:47:22:619 INFO (File.XLS.XLSRaidForge): Lese Raid:26.07.13
22:47:22:620 DEBUG(File.XLS.XLSBookForge): Lese Sheet(50| 24.07.13)
22:47:22:621 INFO (File.XLS.XLSRaidForge): Lese Raid:24.07.13
22:47:22:623 DEBUG(File.XLS.XLSBookForge): Lese Sheet(51| 19.07.13)
22:47:22:623 INFO (File.XLS.XLSRaidForge): Lese Raid:19.07.13
22:47:22:625 DEBUG(File.XLS.XLSBookForge): Lese Sheet(52| 17.07.13)
22:47:22:625 INFO (File.XLS.XLSRaidForge): Lese Raid:17.07.13
22:47:22:627 DEBUG(File.XLS.XLSBookForge): Lese Sheet(53| 12.07.13)
22:47:22:628 INFO (File.XLS.XLSRaidForge): Lese Raid:12.07.13
22:47:22:629 DEBUG(File.XLS.XLSBookForge): Lese Sheet(54| 10.07.13)
22:47:22:630 INFO (File.XLS.XLSRaidForge): Lese Raid:10.07.13
22:47:22:631 DEBUG(File.XLS.XLSBookForge): Lese Sheet(55| 05.07.13)
22:47:22:632 INFO (File.XLS.XLSRaidForge): Lese Raid:05.07.13
22:47:22:633 DEBUG(File.XLS.XLSBookForge): Lese Sheet(56| 03.07.13)
22:47:22:634 INFO (File.XLS.XLSRaidForge): Lese Raid:03.07.13
22:47:22:635 DEBUG(File.XLS.XLSBookForge): Lese Sheet(57| 28.06.13)
22:47:22:636 INFO (File.XLS.XLSRaidForge): Lese Raid:28.06.13
22:47:22:637 DEBUG(File.XLS.XLSBookForge): Lese Sheet(58| 26.06.13)
22:47:22:638 INFO (File.XLS.XLSRaidForge): Lese Raid:26.06.13
22:47:22:639 DEBUG(File.XLS.XLSBookForge): Lese Sheet(59| 21.06.13)
22:47:22:640 INFO (File.XLS.XLSRaidForge): Lese Raid:21.06.13
22:47:22:641 DEBUG(File.XLS.XLSBookForge): Lese Sheet(60| 19.06.13)
22:47:22:642 INFO (File.XLS.XLSRaidForge): Lese Raid:19.06.13
22:47:22:643 DEBUG(File.XLS.XLSBookForge): Lese Sheet(61| 14.06.13)
22:47:22:644 INFO (File.XLS.XLSRaidForge): Lese Raid:14.06.13
22:47:22:646 DEBUG(File.XLS.XLSBookForge): Lese Sheet(62| 13.06.13)
22:47:22:646 INFO (File.XLS.XLSRaidForge): Lese Raid:13.06.13
22:47:22:648 DEBUG(File.XLS.XLSBookForge): Lese Sheet(63| 07.06.13)
22:47:22:648 INFO (File.XLS.XLSRaidForge): Lese Raid:07.06.13
22:47:22:650 DEBUG(File.XLS.XLSBookForge): Lese Sheet(64| 05.06.13)
22:47:22:650 INFO (File.XLS.XLSRaidForge): Lese Raid:05.06.13
22:47:22:652 DEBUG(File.XLS.XLSBookForge): Lese Sheet(65| 31.05.13)
22:47:22:653 INFO (File.XLS.XLSRaidForge): Lese Raid:31.05.13
22:47:22:654 DEBUG(File.XLS.XLSBookForge): Lese Sheet(66| 29.05.13)
22:47:22:655 INFO (File.XLS.XLSRaidForge): Lese Raid:29.05.13
22:47:22:656 DEBUG(File.XLS.XLSBookForge): Lese Sheet(67| 28.05.13)
22:47:22:657 INFO (File.XLS.XLSRaidForge): Lese Raid:28.05.13
22:47:22:658 DEBUG(File.XLS.XLSBookForge): Lese Sheet(68| 24.05.13)
22:47:22:659 INFO (File.XLS.XLSRaidForge): Lese Raid:24.05.13
22:47:22:660 DEBUG(File.XLS.XLSBookForge): Lese Sheet(69| 17.05.13)
22:47:22:661 INFO (File.XLS.XLSRaidForge): Lese Raid:17.05.13
22:47:22:662 DEBUG(File.XLS.XLSBookForge): Lese Sheet(70| 15.05.13)
22:47:22:663 INFO (File.XLS.XLSRaidForge): Lese Raid:15.05.13
22:47:22:664 DEBUG(File.XLS.XLSBookForge): Lese Sheet(71| 10.05.13)
22:47:22:665 INFO (File.XLS.XLSRaidForge): Lese Raid:10.05.13
22:47:22:666 DEBUG(File.XLS.XLSBookForge): Lese Sheet(72| 08.05.13)
22:47:22:667 INFO (File.XLS.XLSRaidForge): Lese Raid:08.05.13
22:47:22:668 DEBUG(File.XLS.XLSBookForge): Lese Sheet(73| 03.05.13)
22:47:22:671 INFO (File.XLS.XLSRaidForge): Lese Raid:03.05.13
22:47:22:672 DEBUG(File.XLS.XLSBookForge): Lese Sheet(74| 01.05.13)
22:47:22:673 INFO (File.XLS.XLSRaidForge): Lese Raid:01.05.13
22:47:22:724 DEBUG(Controller.ImportExportController): Erstelle ImportExportController.
22:47:32:680 INFO (File.XLS.XLSBookForge): Lese Book aus "SKSBook.xls" .
22:47:32:818 DEBUG(File.XLS.XLSOverviewForge): Lese Overview.
22:47:32:819 DEBUG(File.XLS.XLSOverviewForge): Lese Spieler Revayn
22:47:32:820 DEBUG(File.XLS.XLSOverviewForge): Lese Spieler 3_2014_195827_895
22:47:32:821 DEBUG(File.XLS.XLSOverviewForge): Lese Spieler Phexo
22:47:32:822 DEBUG(File.XLS.XLSOverviewForge): Lese Spieler Eisenbeisser
22:47:32:823 DEBUG(File.XLS.XLSOverviewForge): Lese Spieler 338_2013_223835_769
22:47:32:823 DEBUG(File.XLS.XLSOverviewForge): Lese Spieler Deytrana
22:47:32:824 DEBUG(File.XLS.XLSOverviewForge): Lese Spieler Andor
22:47:32:825 DEBUG(File.XLS.XLSOverviewForge): Lese Spieler Yasie
22:47:32:825 DEBUG(File.XLS.XLSOverviewForge): Lese Spieler Quara
22:47:32:826 DEBUG(File.XLS.XLSOverviewForge): Lese Spieler Celiska
22:47:32:827 DEBUG(File.XLS.XLSOverviewForge): Lese Spieler Felinchen
22:47:32:827 DEBUG(File.XLS.XLSOverviewForge): Lese Spieler Alisea
22:47:32:828 DEBUG(File.XLS.XLSOverviewForge): Lese Spieler Airra
22:47:32:828 DEBUG(File.XLS.XLSOverviewForge): Lese Spieler 15_2014_212854_40
22:47:32:829 DEBUG(File.XLS.XLSOverviewForge): Lese Spieler 226_2013_10373_656
22:47:32:830 DEBUG(File.XLS.XLSOverviewForge): Lese Spieler 361_2013_20161_809
22:47:32:830 DEBUG(File.XLS.XLSOverviewForge): Lese Spieler Thamia
22:47:32:831 DEBUG(File.XLS.XLSOverviewForge): Lese Spieler Dave
22:47:32:832 DEBUG(File.XLS.XLSOverviewForge): Lese Spieler 22_2014_181220_335
22:47:32:833 DEBUG(File.XLS.XLSOverviewForge): Lese Spieler 260_2013_153420_61
22:47:32:833 DEBUG(File.XLS.XLSOverviewForge): Lese Spieler 361_2013_201429_457
22:47:32:834 DEBUG(File.XLS.XLSOverviewForge): Lese Spieler Mechanikus
22:47:32:835 DEBUG(File.XLS.XLSOverviewForge): Lese Spieler 317_2013_20335_418
22:47:32:835 DEBUG(File.XLS.XLSOverviewForge): Lese Spieler Thakrio
22:47:32:836 DEBUG(File.XLS.XLSOverviewForge): Lese Spieler Garak
22:47:32:837 DEBUG(File.XLS.XLSOverviewForge): Lese Spieler Darkey
22:47:32:837 DEBUG(File.XLS.XLSOverviewForge): Lese Spieler Luumen
22:47:32:838 DEBUG(File.XLS.XLSOverviewForge): Lese Spieler Icmahel
22:47:32:838 DEBUG(File.XLS.XLSOverviewForge): Lese Spieler 226_2013_103749_32
22:47:32:839 DEBUG(File.XLS.XLSOverviewForge): Lese Spieler 319_2013_20053_559
22:47:32:840 DEBUG(File.XLS.XLSOverviewForge): Lese Spieler 303_2013_225852_36
22:47:32:840 DEBUG(File.XLS.XLSOverviewForge): Lese Spieler Norona
22:47:32:841 DEBUG(File.XLS.XLSOverviewForge): Lese Spieler Daaeva
22:47:32:841 DEBUG(File.XLS.XLSOverviewForge): Lese Spieler 361_2013_201528_897
22:47:32:842 DEBUG(File.XLS.XLSOverviewForge): Lese Spieler 3_2014_7562_899
22:47:32:843 DEBUG(File.XLS.XLSOverviewForge): Lese Spieler Christanne
22:47:32:843 DEBUG(File.XLS.XLSOverviewForge): Lese Spieler 247_2013_202354_689
22:47:32:844 DEBUG(File.XLS.XLSOverviewForge): Lese Spieler 361_2013_201449_865
22:47:32:844 DEBUG(File.XLS.XLSOverviewForge): Lese Spieler 319_2013_20022_703
22:47:32:845 DEBUG(File.XLS.XLSOverviewForge): Lese Spieler Liuleen
22:47:32:845 DEBUG(File.XLS.XLSOverviewForge): Lese Spieler Bendir
22:47:32:846 DEBUG(File.XLS.XLSOverviewForge): Lese Spieler Salfa
22:47:32:847 DEBUG(File.XLS.XLSOverviewForge): Lese Spieler 228_2013_20332_853
22:47:32:847 DEBUG(File.XLS.XLSOverviewForge): Lese Spieler 3_2014_19580_448
22:47:32:848 DEBUG(File.XLS.XLSOverviewForge): Lese Spieler 296_2013_213915_349
22:47:32:849 DEBUG(File.XLS.XLSOverviewForge): Lese Spieler 317_2013_20122_442
22:47:32:849 DEBUG(File.XLS.XLSOverviewForge): Lese Spieler Orelly
22:47:32:850 DEBUG(File.XLS.XLSOverviewForge): Lese Spieler Dinchen
22:47:32:851 DEBUG(File.XLS.XLSOverviewForge): Lese Spieler Aylea
22:47:32:851 DEBUG(File.XLS.XLSOverviewForge): Lese Spieler Savin
22:47:32:852 DEBUG(File.XLS.XLSOverviewForge): Lese Spieler Vitera
22:47:32:852 DEBUG(File.XLS.XLSOverviewForge): Lese Spieler Merida
22:47:32:853 DEBUG(File.XLS.XLSOverviewForge): Lese Spieler 15_2014_181931_413
22:47:32:853 DEBUG(File.XLS.XLSOverviewForge): Lese Spieler Damar
22:47:32:854 DEBUG(File.XLS.XLSOverviewForge): Lese Spieler Fairbrook
22:47:32:855 DEBUG(File.XLS.XLSOverviewForge): Lese Spieler 7_2014_233417_392
22:47:32:855 DEBUG(File.XLS.XLSOverviewForge): Lese Spieler 303_2013_225742_411
22:47:32:856 DEBUG(File.XLS.XLSOverviewForge): Lese Spieler Toroven
22:47:32:856 DEBUG(File.XLS.XLSOverviewForge): Lese Spieler Toranes
22:47:32:857 DEBUG(File.XLS.XLSOverviewForge): Lese Spieler Ginera
22:47:32:858 DEBUG(File.XLS.XLSBookForge): Lese Sheet(0| Overview)
22:47:32:859 INFO (File.XLS.XLSRaidForge): Lese Raid:Overview
22:47:32:859 DEBUG(File.XLS.XLSBookForge): Lese Sheet(1| 22.01.14)
22:47:32:860 INFO (File.XLS.XLSRaidForge): Lese Raid:22.01.14
22:47:32:861 DEBUG(File.XLS.XLSBookForge): Lese Sheet(2| 17.01.14)
22:47:32:862 INFO (File.XLS.XLSRaidForge): Lese Raid:17.01.14
22:47:32:863 DEBUG(File.XLS.XLSBookForge): Lese Sheet(3| 15.01.14)
22:47:32:864 INFO (File.XLS.XLSRaidForge): Lese Raid:15.01.14
22:47:32:865 DEBUG(File.XLS.XLSBookForge): Lese Sheet(4| 10.01.14)
22:47:32:866 INFO (File.XLS.XLSRaidForge): Lese Raid:10.01.14
22:47:32:867 DEBUG(File.XLS.XLSBookForge): Lese Sheet(5| 08.01.14)
22:47:32:868 INFO (File.XLS.XLSRaidForge): Lese Raid:08.01.14
22:47:32:869 DEBUG(File.XLS.XLSBookForge): Lese Sheet(6| 03.01.14)
22:47:32:870 INFO (File.XLS.XLSRaidForge): Lese Raid:03.01.14
22:47:32:871 DEBUG(File.XLS.XLSBookForge): Lese Sheet(7| 01.01.14)
22:47:32:872 INFO (File.XLS.XLSRaidForge): Lese Raid:01.01.14
22:47:32:873 DEBUG(File.XLS.XLSBookForge): Lese Sheet(8| 27.12.13)
22:47:32:874 INFO (File.XLS.XLSRaidForge): Lese Raid:27.12.13
22:47:32:875 DEBUG(File.XLS.XLSBookForge): Lese Sheet(9| 23.12.13)
22:47:32:876 INFO (File.XLS.XLSRaidForge): Lese Raid:23.12.13
22:47:32:877 DEBUG(File.XLS.XLSBookForge): Lese Sheet(10| 20.12.13)
22:47:32:877 INFO (File.XLS.XLSRaidForge): Lese Raid:20.12.13
22:47:32:878 DEBUG(File.XLS.XLSBookForge): Lese Sheet(11| 18.12.13)
22:47:32:879 INFO (File.XLS.XLSRaidForge): Lese Raid:18.12.13
22:47:32:880 DEBUG(File.XLS.XLSBookForge): Lese Sheet(12| 13.12.13)
22:47:32:880 INFO (File.XLS.XLSRaidForge): Lese Raid:13.12.13
22:47:32:882 DEBUG(File.XLS.XLSBookForge): Lese Sheet(13| 11.12.13)
22:47:32:882 INFO (File.XLS.XLSRaidForge): Lese Raid:11.12.13
22:47:32:883 DEBUG(File.XLS.XLSBookForge): Lese Sheet(14| 06.12.13)
22:47:32:884 INFO (File.XLS.XLSRaidForge): Lese Raid:06.12.13
22:47:32:885 DEBUG(File.XLS.XLSBookForge): Lese Sheet(15| 04.12.13)
22:47:32:886 INFO (File.XLS.XLSRaidForge): Lese Raid:04.12.13
22:47:32:887 DEBUG(File.XLS.XLSBookForge): Lese Sheet(16| 01.12.13)
22:47:32:887 INFO (File.XLS.XLSRaidForge): Lese Raid:01.12.13
22:47:32:888 DEBUG(File.XLS.XLSBookForge): Lese Sheet(17| 29.11.13)
22:47:32:889 INFO (File.XLS.XLSRaidForge): Lese Raid:29.11.13
22:47:32:890 DEBUG(File.XLS.XLSBookForge): Lese Sheet(18| 27.11.13)
22:47:32:891 INFO (File.XLS.XLSRaidForge): Lese Raid:27.11.13
22:47:32:892 DEBUG(File.XLS.XLSBookForge): Lese Sheet(19| 22.11.13)
22:47:32:892 INFO (File.XLS.XLSRaidForge): Lese Raid:22.11.13
22:47:32:894 DEBUG(File.XLS.XLSBookForge): Lese Sheet(20| 20.11.13)
22:47:32:894 INFO (File.XLS.XLSRaidForge): Lese Raid:20.11.13
22:47:32:895 DEBUG(File.XLS.XLSBookForge): Lese Sheet(21| 15.11.13)
22:47:32:896 INFO (File.XLS.XLSRaidForge): Lese Raid:15.11.13
22:47:32:897 DEBUG(File.XLS.XLSBookForge): Lese Sheet(22| 13.11.13)
22:47:32:897 INFO (File.XLS.XLSRaidForge): Lese Raid:13.11.13
22:47:32:899 DEBUG(File.XLS.XLSBookForge): Lese Sheet(23| 08.11.13)
22:47:32:899 INFO (File.XLS.XLSRaidForge): Lese Raid:08.11.13
22:47:32:900 DEBUG(File.XLS.XLSBookForge): Lese Sheet(24| 06.11.13)
22:47:32:901 INFO (File.XLS.XLSRaidForge): Lese Raid:06.11.13
22:47:32:902 DEBUG(File.XLS.XLSBookForge): Lese Sheet(25| 30.10.13)
22:47:32:903 INFO (File.XLS.XLSRaidForge): Lese Raid:30.10.13
22:47:32:904 DEBUG(File.XLS.XLSBookForge): Lese Sheet(26| 25.10.13)
22:47:32:904 INFO (File.XLS.XLSRaidForge): Lese Raid:25.10.13
22:47:32:905 DEBUG(File.XLS.XLSBookForge): Lese Sheet(27| 23.10.13)
22:47:32:906 INFO (File.XLS.XLSRaidForge): Lese Raid:23.10.13
22:47:32:907 DEBUG(File.XLS.XLSBookForge): Lese Sheet(28| 16.10.13)
22:47:32:908 INFO (File.XLS.XLSRaidForge): Lese Raid:16.10.13
22:47:32:909 DEBUG(File.XLS.XLSBookForge): Lese Sheet(29| 11.10.13)
22:47:32:910 INFO (File.XLS.XLSRaidForge): Lese Raid:11.10.13
22:47:32:911 DEBUG(File.XLS.XLSBookForge): Lese Sheet(30| 09.10.13)
22:47:32:912 INFO (File.XLS.XLSRaidForge): Lese Raid:09.10.13
22:47:32:913 DEBUG(File.XLS.XLSBookForge): Lese Sheet(31| 04.10.13)
22:47:32:914 INFO (File.XLS.XLSRaidForge): Lese Raid:04.10.13
22:47:32:916 DEBUG(File.XLS.XLSBookForge): Lese Sheet(32| 02.10.13)
22:47:32:916 INFO (File.XLS.XLSRaidForge): Lese Raid:02.10.13
22:47:32:918 DEBUG(File.XLS.XLSBookForge): Lese Sheet(33| 27.09.13)
22:47:32:918 INFO (File.XLS.XLSRaidForge): Lese Raid:27.09.13
22:47:32:919 DEBUG(File.XLS.XLSBookForge): Lese Sheet(34| 25.09.13)
22:47:32:920 INFO (File.XLS.XLSRaidForge): Lese Raid:25.09.13
22:47:32:921 DEBUG(File.XLS.XLSBookForge): Lese Sheet(35| 21.09.13)
22:47:32:922 INFO (File.XLS.XLSRaidForge): Lese Raid:21.09.13
22:47:32:923 DEBUG(File.XLS.XLSBookForge): Lese Sheet(36| 18.09.13)
22:47:32:924 INFO (File.XLS.XLSRaidForge): Lese Raid:18.09.13
22:47:32:925 DEBUG(File.XLS.XLSBookForge): Lese Sheet(37| 13.09.13)
22:47:32:926 INFO (File.XLS.XLSRaidForge): Lese Raid:13.09.13
22:47:32:927 DEBUG(File.XLS.XLSBookForge): Lese Sheet(38| 11.09.13)
22:47:32:927 INFO (File.XLS.XLSRaidForge): Lese Raid:11.09.13
22:47:32:928 DEBUG(File.XLS.XLSBookForge): Lese Sheet(39| 06.09.13)
22:47:32:929 INFO (File.XLS.XLSRaidForge): Lese Raid:06.09.13
22:47:32:931 DEBUG(File.XLS.XLSBookForge): Lese Sheet(40| 04.09.13)
22:47:32:931 INFO (File.XLS.XLSRaidForge): Lese Raid:04.09.13
22:47:32:933 DEBUG(File.XLS.XLSBookForge): Lese Sheet(41| 30.08.13)
22:47:32:934 INFO (File.XLS.XLSRaidForge): Lese Raid:30.08.13
22:47:32:935 DEBUG(File.XLS.XLSBookForge): Lese Sheet(42| 28.08.13)
22:47:32:936 INFO (File.XLS.XLSRaidForge): Lese Raid:28.08.13
22:47:32:937 DEBUG(File.XLS.XLSBookForge): Lese Sheet(43| 23.08.13)
22:47:32:938 INFO (File.XLS.XLSRaidForge): Lese Raid:23.08.13
22:47:32:939 DEBUG(File.XLS.XLSBookForge): Lese Sheet(44| 21.08.13)
22:47:32:940 INFO (File.XLS.XLSRaidForge): Lese Raid:21.08.13
22:47:32:941 DEBUG(File.XLS.XLSBookForge): Lese Sheet(45| 16.08.13)
22:47:32:942 INFO (File.XLS.XLSRaidForge): Lese Raid:16.08.13
22:47:32:943 DEBUG(File.XLS.XLSBookForge): Lese Sheet(46| 14.08.13)
22:47:32:944 INFO (File.XLS.XLSRaidForge): Lese Raid:14.08.13
22:47:32:945 DEBUG(File.XLS.XLSBookForge): Lese Sheet(47| 09.08.13)
22:47:32:946 INFO (File.XLS.XLSRaidForge): Lese Raid:09.08.13
22:47:32:947 DEBUG(File.XLS.XLSBookForge): Lese Sheet(48| 07.08.13)
22:47:32:948 INFO (File.XLS.XLSRaidForge): Lese Raid:07.08.13
22:47:32:949 DEBUG(File.XLS.XLSBookForge): Lese Sheet(49| 02.08.13)
22:47:32:950 INFO (File.XLS.XLSRaidForge): Lese Raid:02.08.13
22:47:32:951 DEBUG(File.XLS.XLSBookForge): Lese Sheet(50| 31.07.13)
22:47:32:952 INFO (File.XLS.XLSRaidForge): Lese Raid:31.07.13
22:47:32:953 DEBUG(File.XLS.XLSBookForge): Lese Sheet(51| 26.07.13)
22:47:32:954 INFO (File.XLS.XLSRaidForge): Lese Raid:26.07.13
22:47:32:955 DEBUG(File.XLS.XLSBookForge): Lese Sheet(52| 24.07.13)
22:47:32:955 INFO (File.XLS.XLSRaidForge): Lese Raid:24.07.13
22:47:32:957 DEBUG(File.XLS.XLSBookForge): Lese Sheet(53| 19.07.13)
22:47:32:957 INFO (File.XLS.XLSRaidForge): Lese Raid:19.07.13
22:47:32:958 DEBUG(File.XLS.XLSBookForge): Lese Sheet(54| 17.07.13)
22:47:32:959 INFO (File.XLS.XLSRaidForge): Lese Raid:17.07.13
22:47:32:960 DEBUG(File.XLS.XLSBookForge): Lese Sheet(55| 12.07.13)
22:47:32:960 INFO (File.XLS.XLSRaidForge): Lese Raid:12.07.13
22:47:32:961 DEBUG(File.XLS.XLSBookForge): Lese Sheet(56| 10.07.13)
22:47:32:962 INFO (File.XLS.XLSRaidForge): Lese Raid:10.07.13
22:47:32:963 DEBUG(File.XLS.XLSBookForge): Lese Sheet(57| 05.07.13)
22:47:32:964 INFO (File.XLS.XLSRaidForge): Lese Raid:05.07.13
22:47:32:965 DEBUG(File.XLS.XLSBookForge): Lese Sheet(58| 03.07.13)
22:47:32:966 INFO (File.XLS.XLSRaidForge): Lese Raid:03.07.13
22:47:32:967 DEBUG(File.XLS.XLSBookForge): Lese Sheet(59| 28.06.13)
22:47:32:968 INFO (File.XLS.XLSRaidForge): Lese Raid:28.06.13
22:47:32:969 DEBUG(File.XLS.XLSBookForge): Lese Sheet(60| 26.06.13)
22:47:32:969 INFO (File.XLS.XLSRaidForge): Lese Raid:26.06.13
22:47:32:970 DEBUG(File.XLS.XLSBookForge): Lese Sheet(61| 21.06.13)
22:47:32:971 INFO (File.XLS.XLSRaidForge): Lese Raid:21.06.13
22:47:32:972 DEBUG(File.XLS.XLSBookForge): Lese Sheet(62| 19.06.13)
22:47:32:972 INFO (File.XLS.XLSRaidForge): Lese Raid:19.06.13
22:47:32:974 DEBUG(File.XLS.XLSBookForge): Lese Sheet(63| 14.06.13)
22:47:32:974 INFO (File.XLS.XLSRaidForge): Lese Raid:14.06.13
22:47:32:975 DEBUG(File.XLS.XLSBookForge): Lese Sheet(64| 13.06.13)
22:47:32:976 INFO (File.XLS.XLSRaidForge): Lese Raid:13.06.13
22:47:32:977 DEBUG(File.XLS.XLSBookForge): Lese Sheet(65| 07.06.13)
22:47:32:977 INFO (File.XLS.XLSRaidForge): Lese Raid:07.06.13
22:47:32:979 DEBUG(File.XLS.XLSBookForge): Lese Sheet(66| 05.06.13)
22:47:32:979 INFO (File.XLS.XLSRaidForge): Lese Raid:05.06.13
22:47:32:981 DEBUG(File.XLS.XLSBookForge): Lese Sheet(67| 31.05.13)
22:47:32:981 INFO (File.XLS.XLSRaidForge): Lese Raid:31.05.13
22:47:32:982 DEBUG(File.XLS.XLSBookForge): Lese Sheet(68| 29.05.13)
22:47:32:983 INFO (File.XLS.XLSRaidForge): Lese Raid:29.05.13
22:47:32:984 DEBUG(File.XLS.XLSBookForge): Lese Sheet(69| 28.05.13)
22:47:32:984 INFO (File.XLS.XLSRaidForge): Lese Raid:28.05.13
22:47:32:985 DEBUG(File.XLS.XLSBookForge): Lese Sheet(70| 24.05.13)
22:47:32:986 INFO (File.XLS.XLSRaidForge): Lese Raid:24.05.13
22:47:32:987 DEBUG(File.XLS.XLSBookForge): Lese Sheet(71| 17.05.13)
22:47:32:987 INFO (File.XLS.XLSRaidForge): Lese Raid:17.05.13
22:47:32:989 DEBUG(File.XLS.XLSBookForge): Lese Sheet(72| 15.05.13)
22:47:32:989 INFO (File.XLS.XLSRaidForge): Lese Raid:15.05.13
22:47:32:990 DEBUG(File.XLS.XLSBookForge): Lese Sheet(73| 10.05.13)
22:47:32:991 INFO (File.XLS.XLSRaidForge): Lese Raid:10.05.13
22:47:32:992 DEBUG(File.XLS.XLSBookForge): Lese Sheet(74| 08.05.13)
22:47:32:993 INFO (File.XLS.XLSRaidForge): Lese Raid:08.05.13
22:47:32:994 DEBUG(File.XLS.XLSBookForge): Lese Sheet(75| 03.05.13)
22:47:32:994 INFO (File.XLS.XLSRaidForge): Lese Raid:03.05.13
22:47:32:995 DEBUG(File.XLS.XLSBookForge): Lese Sheet(76| 01.05.13)
22:47:32:996 INFO (File.XLS.XLSRaidForge): Lese Raid:01.05.13
22:47:41:330 INFO (File.XLS.XLSBookForge): Schreibe Book in: data_2014_022_22_47_41.xls
22:47:41:331 INFO (File.XLS.XLSBookForge): Lade leeres Workbook
22:47:41:339 INFO (File.XLS.XLSBookForge): Schreibe 2 Sheets.
22:47:41:339 INFO (File.XLS.XLSRaidForge): Schreibe Sheet:01.05.13
22:47:41:406 INFO (File.XLS.XLSRaidForge): Schreibe Sheet:03.05.13
22:47:41:410 INFO (File.XLS.XLSRaidForge): Schreibe Sheet:08.05.13
22:47:41:415 INFO (File.XLS.XLSRaidForge): Schreibe Sheet:10.05.13
22:47:41:418 INFO (File.XLS.XLSRaidForge): Schreibe Sheet:15.05.13
22:47:41:422 INFO (File.XLS.XLSRaidForge): Schreibe Sheet:17.05.13
22:47:41:427 INFO (File.XLS.XLSRaidForge): Schreibe Sheet:24.05.13
22:47:41:430 INFO (File.XLS.XLSRaidForge): Schreibe Sheet:28.05.13
22:47:41:434 INFO (File.XLS.XLSRaidForge): Schreibe Sheet:29.05.13
22:47:41:438 INFO (File.XLS.XLSRaidForge): Schreibe Sheet:31.05.13
22:47:41:442 INFO (File.XLS.XLSRaidForge): Schreibe Sheet:05.06.13
22:47:41:446 INFO (File.XLS.XLSRaidForge): Schreibe Sheet:07.06.13
22:47:41:450 INFO (File.XLS.XLSRaidForge): Schreibe Sheet:13.06.13
22:47:41:454 INFO (File.XLS.XLSRaidForge): Schreibe Sheet:14.06.13
22:47:41:458 INFO (File.XLS.XLSRaidForge): Schreibe Sheet:19.06.13
22:47:41:461 INFO (File.XLS.XLSRaidForge): Schreibe Sheet:21.06.13
22:47:41:465 INFO (File.XLS.XLSRaidForge): Schreibe Sheet:26.06.13
22:47:41:468 INFO (File.XLS.XLSRaidForge): Schreibe Sheet:28.06.13
22:47:41:472 INFO (File.XLS.XLSRaidForge): Schreibe Sheet:03.07.13
22:47:41:475 INFO (File.XLS.XLSRaidForge): Schreibe Sheet:05.07.13
22:47:41:479 INFO (File.XLS.XLSRaidForge): Schreibe Sheet:10.07.13
22:47:41:503 INFO (File.XLS.XLSRaidForge): Schreibe Sheet:12.07.13
22:47:41:507 INFO (File.XLS.XLSRaidForge): Schreibe Sheet:17.07.13
22:47:41:511 INFO (File.XLS.XLSRaidForge): Schreibe Sheet:19.07.13
22:47:41:514 INFO (File.XLS.XLSRaidForge): Schreibe Sheet:24.07.13
22:47:41:518 INFO (File.XLS.XLSRaidForge): Schreibe Sheet:26.07.13
22:47:41:521 INFO (File.XLS.XLSRaidForge): Schreibe Sheet:31.07.13
22:47:41:525 INFO (File.XLS.XLSRaidForge): Schreibe Sheet:02.08.13
22:47:41:528 INFO (File.XLS.XLSRaidForge): Schreibe Sheet:07.08.13
22:47:41:532 INFO (File.XLS.XLSRaidForge): Schreibe Sheet:09.08.13
22:47:41:535 INFO (File.XLS.XLSRaidForge): Schreibe Sheet:14.08.13
22:47:41:539 INFO (File.XLS.XLSRaidForge): Schreibe Sheet:16.08.13
22:47:41:543 INFO (File.XLS.XLSRaidForge): Schreibe Sheet:21.08.13
22:47:41:546 INFO (File.XLS.XLSRaidForge): Schreibe Sheet:23.08.13
22:47:41:550 INFO (File.XLS.XLSRaidForge): Schreibe Sheet:28.08.13
22:47:41:553 INFO (File.XLS.XLSRaidForge): Schreibe Sheet:30.08.13
22:47:41:557 INFO (File.XLS.XLSRaidForge): Schreibe Sheet:04.09.13
22:47:41:561 INFO (File.XLS.XLSRaidForge): Schreibe Sheet:06.09.13
22:47:41:565 INFO (File.XLS.XLSRaidForge): Schreibe Sheet:11.09.13
22:47:41:569 INFO (File.XLS.XLSRaidForge): Schreibe Sheet:13.09.13
22:47:41:573 INFO (File.XLS.XLSRaidForge): Schreibe Sheet:18.09.13
22:47:41:577 INFO (File.XLS.XLSRaidForge): Schreibe Sheet:21.09.13
22:47:41:580 INFO (File.XLS.XLSRaidForge): Schreibe Sheet:25.09.13
22:47:41:584 INFO (File.XLS.XLSRaidForge): Schreibe Sheet:27.09.13
22:47:41:588 INFO (File.XLS.XLSRaidForge): Schreibe Sheet:02.10.13
22:47:41:592 INFO (File.XLS.XLSRaidForge): Schreibe Sheet:04.10.13
22:47:41:595 INFO (File.XLS.XLSRaidForge): Schreibe Sheet:09.10.13
22:47:41:598 INFO (File.XLS.XLSRaidForge): Schreibe Sheet:11.10.13
22:47:41:601 INFO (File.XLS.XLSRaidForge): Schreibe Sheet:16.10.13
22:47:41:604 INFO (File.XLS.XLSRaidForge): Schreibe Sheet:23.10.13
22:47:41:608 INFO (File.XLS.XLSRaidForge): Schreibe Sheet:25.10.13
22:47:41:611 INFO (File.XLS.XLSRaidForge): Schreibe Sheet:30.10.13
22:47:41:613 INFO (File.XLS.XLSRaidForge): Schreibe Sheet:06.11.13
22:47:41:616 INFO (File.XLS.XLSRaidForge): Schreibe Sheet:08.11.13
22:47:41:618 INFO (File.XLS.XLSRaidForge): Schreibe Sheet:13.11.13
22:47:41:621 INFO (File.XLS.XLSRaidForge): Schreibe Sheet:15.11.13
22:47:41:623 INFO (File.XLS.XLSRaidForge): Schreibe Sheet:20.11.13
22:47:41:626 INFO (File.XLS.XLSRaidForge): Schreibe Sheet:22.11.13
22:47:41:628 INFO (File.XLS.XLSRaidForge): Schreibe Sheet:27.11.13
22:47:41:630 INFO (File.XLS.XLSRaidForge): Schreibe Sheet:29.11.13
22:47:41:633 INFO (File.XLS.XLSRaidForge): Schreibe Sheet:01.12.13
22:47:41:635 INFO (File.XLS.XLSRaidForge): Schreibe Sheet:04.12.13
22:47:41:637 INFO (File.XLS.XLSRaidForge): Schreibe Sheet:06.12.13
22:47:41:639 INFO (File.XLS.XLSRaidForge): Schreibe Sheet:11.12.13
22:47:41:641 INFO (File.XLS.XLSRaidForge): Schreibe Sheet:13.12.13
22:47:41:643 INFO (File.XLS.XLSRaidForge): Schreibe Sheet:18.12.13
22:47:41:646 INFO (File.XLS.XLSRaidForge): Schreibe Sheet:20.12.13
22:47:41:648 INFO (File.XLS.XLSRaidForge): Schreibe Sheet:23.12.13
22:47:41:650 INFO (File.XLS.XLSRaidForge): Schreibe Sheet:27.12.13
22:47:41:652 INFO (File.XLS.XLSRaidForge): Schreibe Sheet:01.01.14
22:47:41:655 INFO (File.XLS.XLSRaidForge): Schreibe Sheet:03.01.14
22:47:41:658 INFO (File.XLS.XLSRaidForge): Schreibe Sheet:08.01.14
22:47:41:660 INFO (File.XLS.XLSRaidForge): Schreibe Sheet:10.01.14
22:47:41:662 INFO (File.XLS.XLSRaidForge): Schreibe Sheet:15.01.14
22:47:41:665 INFO (File.XLS.XLSRaidForge): Schreibe Sheet:17.01.14
22:47:41:667 INFO (File.XLS.XLSRaidForge): Schreibe Sheet:22.01.14
22:47:41:670 INFO (File.XLS.XLSOverviewForge): Schreibe Overview
22:47:45:618 INFO (File.XLS.XLSBookForge): Schreibe Book in: data_2014_022_22_47_45.xls
22:47:45:619 INFO (File.XLS.XLSBookForge): Lade leeres Workbook
22:47:45:626 INFO (File.XLS.XLSBookForge): Schreibe 2 Sheets.
22:47:45:626 INFO (File.XLS.XLSRaidForge): Schreibe Sheet:01.05.13
22:47:45:628 INFO (File.XLS.XLSRaidForge): Schreibe Sheet:03.05.13
22:47:45:631 INFO (File.XLS.XLSRaidForge): Schreibe Sheet:08.05.13
22:47:45:633 INFO (File.XLS.XLSRaidForge): Schreibe Sheet:10.05.13
22:47:45:636 INFO (File.XLS.XLSRaidForge): Schreibe Sheet:15.05.13
22:47:45:639 INFO (File.XLS.XLSRaidForge): Schreibe Sheet:17.05.13
22:47:45:642 INFO (File.XLS.XLSRaidForge): Schreibe Sheet:24.05.13
22:47:45:645 INFO (File.XLS.XLSRaidForge): Schreibe Sheet:28.05.13
22:47:45:648 INFO (File.XLS.XLSRaidForge): Schreibe Sheet:29.05.13
22:47:45:651 INFO (File.XLS.XLSRaidForge): Schreibe Sheet:31.05.13
22:47:45:653 INFO (File.XLS.XLSRaidForge): Schreibe Sheet:05.06.13
22:47:45:656 INFO (File.XLS.XLSRaidForge): Schreibe Sheet:07.06.13
22:47:45:659 INFO (File.XLS.XLSRaidForge): Schreibe Sheet:13.06.13
22:47:45:660 INFO (File.XLS.XLSRaidForge): Schreibe Sheet:14.06.13
22:47:45:662 INFO (File.XLS.XLSRaidForge): Schreibe Sheet:19.06.13
22:47:45:664 INFO (File.XLS.XLSRaidForge): Schreibe Sheet:21.06.13
22:47:45:666 INFO (File.XLS.XLSRaidForge): Schreibe Sheet:26.06.13
22:47:45:668 INFO (File.XLS.XLSRaidForge): Schreibe Sheet:28.06.13
22:47:45:670 INFO (File.XLS.XLSRaidForge): Schreibe Sheet:03.07.13
22:47:45:672 INFO (File.XLS.XLSRaidForge): Schreibe Sheet:05.07.13
22:47:45:673 INFO (File.XLS.XLSRaidForge): Schreibe Sheet:10.07.13
22:47:45:675 INFO (File.XLS.XLSRaidForge): Schreibe Sheet:12.07.13
22:47:45:677 INFO (File.XLS.XLSRaidForge): Schreibe Sheet:17.07.13
22:47:45:679 INFO (File.XLS.XLSRaidForge): Schreibe Sheet:19.07.13
22:47:45:681 INFO (File.XLS.XLSRaidForge): Schreibe Sheet:24.07.13
22:47:45:683 INFO (File.XLS.XLSRaidForge): Schreibe Sheet:26.07.13
22:47:45:685 INFO (File.XLS.XLSRaidForge): Schreibe Sheet:31.07.13
22:47:45:687 INFO (File.XLS.XLSRaidForge): Schreibe Sheet:02.08.13
22:47:45:689 INFO (File.XLS.XLSRaidForge): Schreibe Sheet:07.08.13
22:47:45:691 INFO (File.XLS.XLSRaidForge): Schreibe Sheet:09.08.13
22:47:45:694 INFO (File.XLS.XLSRaidForge): Schreibe Sheet:14.08.13
22:47:45:696 INFO (File.XLS.XLSRaidForge): Schreibe Sheet:16.08.13
22:47:45:698 INFO (File.XLS.XLSRaidForge): Schreibe Sheet:21.08.13
22:47:45:700 INFO (File.XLS.XLSRaidForge): Schreibe Sheet:23.08.13
22:47:45:702 INFO (File.XLS.XLSRaidForge): Schreibe Sheet:28.08.13
22:47:45:705 INFO (File.XLS.XLSRaidForge): Schreibe Sheet:30.08.13
22:47:45:707 INFO (File.XLS.XLSRaidForge): Schreibe Sheet:04.09.13
22:47:45:710 INFO (File.XLS.XLSRaidForge): Schreibe Sheet:06.09.13
22:47:45:712 INFO (File.XLS.XLSRaidForge): Schreibe Sheet:11.09.13
22:47:45:714 INFO (File.XLS.XLSRaidForge): Schreibe Sheet:13.09.13
22:47:45:716 INFO (File.XLS.XLSRaidForge): Schreibe Sheet:18.09.13
22:47:45:718 INFO (File.XLS.XLSRaidForge): Schreibe Sheet:21.09.13
22:47:45:720 INFO (File.XLS.XLSRaidForge): Schreibe Sheet:25.09.13
22:47:45:722 INFO (File.XLS.XLSRaidForge): Schreibe Sheet:27.09.13
22:47:45:724 INFO (File.XLS.XLSRaidForge): Schreibe Sheet:02.10.13
22:47:45:727 INFO (File.XLS.XLSRaidForge): Schreibe Sheet:04.10.13
22:47:45:729 INFO (File.XLS.XLSRaidForge): Schreibe Sheet:09.10.13
22:47:45:731 INFO (File.XLS.XLSRaidForge): Schreibe Sheet:11.10.13
22:47:45:733 INFO (File.XLS.XLSRaidForge): Schreibe Sheet:16.10.13
22:47:45:735 INFO (File.XLS.XLSRaidForge): Schreibe Sheet:23.10.13
22:47:45:737 INFO (File.XLS.XLSRaidForge): Schreibe Sheet:25.10.13
22:47:45:740 INFO (File.XLS.XLSRaidForge): Schreibe Sheet:30.10.13
22:47:45:742 INFO (File.XLS.XLSRaidForge): Schreibe Sheet:06.11.13
22:47:45:745 INFO (File.XLS.XLSRaidForge): Schreibe Sheet:08.11.13
22:47:45:747 INFO (File.XLS.XLSRaidForge): Schreibe Sheet:13.11.13
22:47:45:749 INFO (File.XLS.XLSRaidForge): Schreibe Sheet:15.11.13
22:47:45:751 INFO (File.XLS.XLSRaidForge): Schreibe Sheet:20.11.13
22:47:45:753 INFO (File.XLS.XLSRaidForge): Schreibe Sheet:22.11.13
22:47:45:755 INFO (File.XLS.XLSRaidForge): Schreibe Sheet:27.11.13
22:47:45:757 INFO (File.XLS.XLSRaidForge): Schreibe Sheet:29.11.13
22:47:45:759 INFO (File.XLS.XLSRaidForge): Schreibe Sheet:01.12.13
22:47:45:760 INFO (File.XLS.XLSRaidForge): Schreibe Sheet:04.12.13
22:47:45:762 INFO (File.XLS.XLSRaidForge): Schreibe Sheet:06.12.13
22:47:45:764 INFO (File.XLS.XLSRaidForge): Schreibe Sheet:11.12.13
22:47:45:766 INFO (File.XLS.XLSRaidForge): Schreibe Sheet:13.12.13
22:47:45:768 INFO (File.XLS.XLSRaidForge): Schreibe Sheet:18.12.13
22:47:45:769 INFO (File.XLS.XLSRaidForge): Schreibe Sheet:20.12.13
22:47:45:771 INFO (File.XLS.XLSRaidForge): Schreibe Sheet:23.12.13
22:47:45:773 INFO (File.XLS.XLSRaidForge): Schreibe Sheet:27.12.13
22:47:45:775 INFO (File.XLS.XLSRaidForge): Schreibe Sheet:01.01.14
22:47:45:777 INFO (File.XLS.XLSRaidForge): Schreibe Sheet:03.01.14
22:47:45:779 INFO (File.XLS.XLSRaidForge): Schreibe Sheet:08.01.14
22:47:45:781 INFO (File.XLS.XLSRaidForge): Schreibe Sheet:10.01.14
22:47:45:783 INFO (File.XLS.XLSRaidForge): Schreibe Sheet:15.01.14
22:47:45:785 INFO (File.XLS.XLSRaidForge): Schreibe Sheet:17.01.14
22:47:45:787 INFO (File.XLS.XLSRaidForge): Schreibe Sheet:22.01.14
22:47:45:789 INFO (File.XLS.XLSOverviewForge): Schreibe Overview
